
> style-guide@0.0.0 build-storybook
> storybook build --output-dir /var/folders/0c/swq9t20n67g8tvv2m5cl8k580000gp/T/chromatic--50538-hJkaTwlnb1UA

@storybook/cli v7.6.16

info => Cleaning outputDir: /var/folders/0c/swq9t20n67g8tvv2m5cl8k580000gp/T/chromatic--50538-hJkaTwlnb1UA
info => Loading presets
[33mThe CJS build of Vite's Node API is deprecated. See https://vitejs.dev/guide/troubleshooting.html#vite-cjs-node-api-deprecated for more details.[39m
info => Building manager..
info => Manager built (78 ms)
info => Building preview..
info => Copying static files: /Users/maxine.booth/workspace/style-guide/node_modules/@storybook/manager/static at /var/folders/0c/swq9t20n67g8tvv2m5cl8k580000gp/T/chromatic--50538-hJkaTwlnb1UA/sb-common-assets
WARN No story files found for the specified pattern: src/**/*.mdx
(node:50674) ExperimentalWarning: Import assertions are not a stable feature of the JavaScript language. Avoid relying on their current behavior and syntax as those might change in a future version of Node.js.
(Use `node --trace-warnings ...` to show where the warning was created)
(node:50674) ExperimentalWarning: Importing JSON modules is an experimental feature and might change at any time
vite v5.1.3 building for production...

./sb-common-assets/fonts.css doesn't exist at build time, it will remain unchanged to be resolved at runtime
transforming...
[unplugin-vue-components] no components found
node_modules/@storybook/vue3/dist/entry-preview-docs.mjs (8:1309) Use of eval in "node_modules/@storybook/vue3/dist/entry-preview-docs.mjs" is strongly discouraged as it poses security risks and may cause issues with minification.
node_modules/telejson/dist/index.mjs (1413:15) Use of eval in "node_modules/telejson/dist/index.mjs" is strongly discouraged as it poses security risks and may cause issues with minification.
node_modules/telejson/dist/index.mjs (1416:18) Use of eval in "node_modules/telejson/dist/index.mjs" is strongly discouraged as it poses security risks and may cause issues with minification.
✓ 827 modules transformed.
rendering chunks...
computing gzip size...
../../../../var/folders/0c/swq9t20n67g8tvv2m5cl8k580000gp/T/chromatic--50538-hJkaTwlnb1UA/iframe.html                                           13.51 kB │ gzip:   3.80 kB
../../../../var/folders/0c/swq9t20n67g8tvv2m5cl8k580000gp/T/chromatic--50538-hJkaTwlnb1UA/assets/materialdesignicons-webfont-CYDMK1kx.woff2    385.36 kB
../../../../var/folders/0c/swq9t20n67g8tvv2m5cl8k580000gp/T/chromatic--50538-hJkaTwlnb1UA/assets/materialdesignicons-webfont-CgCzGbLl.woff     561.78 kB
../../../../var/folders/0c/swq9t20n67g8tvv2m5cl8k580000gp/T/chromatic--50538-hJkaTwlnb1UA/assets/materialdesignicons-webfont-D3kAzl71.ttf    1,243.50 kB
../../../../var/folders/0c/swq9t20n67g8tvv2m5cl8k580000gp/T/chromatic--50538-hJkaTwlnb1UA/assets/materialdesignicons-webfont-DttUABo4.eot    1,243.72 kB
../../../../var/folders/0c/swq9t20n67g8tvv2m5cl8k580000gp/T/chromatic--50538-hJkaTwlnb1UA/assets/VCheckbox-CMKdyl0R.css                          0.11 kB │ gzip:   0.10 kB
../../../../var/folders/0c/swq9t20n67g8tvv2m5cl8k580000gp/T/chromatic--50538-hJkaTwlnb1UA/assets/Pagination-osFSi_du.css                         0.21 kB │ gzip:   0.14 kB
../../../../var/folders/0c/swq9t20n67g8tvv2m5cl8k580000gp/T/chromatic--50538-hJkaTwlnb1UA/assets/Radio-i2qP9Wu9.css                              0.29 kB │ gzip:   0.16 kB
../../../../var/folders/0c/swq9t20n67g8tvv2m5cl8k580000gp/T/chromatic--50538-hJkaTwlnb1UA/assets/VMenu-CgD6wuJt.css                              0.50 kB │ gzip:   0.26 kB
../../../../var/folders/0c/swq9t20n67g8tvv2m5cl8k580000gp/T/chromatic--50538-hJkaTwlnb1UA/assets/VDivider-Duxd_Xyq.css                           0.54 kB │ gzip:   0.27 kB
../../../../var/folders/0c/swq9t20n67g8tvv2m5cl8k580000gp/T/chromatic--50538-hJkaTwlnb1UA/assets/Tooltip-5q2wigNM.css                            0.57 kB │ gzip:   0.31 kB
../../../../var/folders/0c/swq9t20n67g8tvv2m5cl8k580000gp/T/chromatic--50538-hJkaTwlnb1UA/assets/index-DKXLlId0.css                              0.66 kB │ gzip:   0.32 kB
../../../../var/folders/0c/swq9t20n67g8tvv2m5cl8k580000gp/T/chromatic--50538-hJkaTwlnb1UA/assets/Sheet-CgJ9g5Of.css                              0.68 kB │ gzip:   0.29 kB
../../../../var/folders/0c/swq9t20n67g8tvv2m5cl8k580000gp/T/chromatic--50538-hJkaTwlnb1UA/assets/VSlideGroup-DednAFT_.css                        0.71 kB │ gzip:   0.32 kB
../../../../var/folders/0c/swq9t20n67g8tvv2m5cl8k580000gp/T/chromatic--50538-hJkaTwlnb1UA/assets/Appbar-BvJHjfLl.css                             0.80 kB │ gzip:   0.36 kB
../../../../var/folders/0c/swq9t20n67g8tvv2m5cl8k580000gp/T/chromatic--50538-hJkaTwlnb1UA/assets/VImg-v5bT1wAd.css                               0.83 kB │ gzip:   0.41 kB
../../../../var/folders/0c/swq9t20n67g8tvv2m5cl8k580000gp/T/chromatic--50538-hJkaTwlnb1UA/assets/VIcon-CDJoYbAM.css                              0.85 kB │ gzip:   0.35 kB
../../../../var/folders/0c/swq9t20n67g8tvv2m5cl8k580000gp/T/chromatic--50538-hJkaTwlnb1UA/assets/Breadcrumb-DZaRR-0j.css                         0.88 kB │ gzip:   0.36 kB
../../../../var/folders/0c/swq9t20n67g8tvv2m5cl8k580000gp/T/chromatic--50538-hJkaTwlnb1UA/assets/VOverlay-DzLVmH92.css                           0.90 kB │ gzip:   0.36 kB
../../../../var/folders/0c/swq9t20n67g8tvv2m5cl8k580000gp/T/chromatic--50538-hJkaTwlnb1UA/assets/VTextarea-BAE0bsJs.css                          1.17 kB │ gzip:   0.40 kB
../../../../var/folders/0c/swq9t20n67g8tvv2m5cl8k580000gp/T/chromatic--50538-hJkaTwlnb1UA/assets/VSelect-BDC0WV_n.css                            1.34 kB │ gzip:   0.56 kB
../../../../var/folders/0c/swq9t20n67g8tvv2m5cl8k580000gp/T/chromatic--50538-hJkaTwlnb1UA/assets/VProgressCircular-BPM3rwej.css                  1.90 kB │ gzip:   0.60 kB
../../../../var/folders/0c/swq9t20n67g8tvv2m5cl8k580000gp/T/chromatic--50538-hJkaTwlnb1UA/assets/VAvatar-DymbNMP1.css                            2.24 kB │ gzip:   0.69 kB
../../../../var/folders/0c/swq9t20n67g8tvv2m5cl8k580000gp/T/chromatic--50538-hJkaTwlnb1UA/assets/Dialog-BTaKRSA5.css                             2.26 kB │ gzip:   0.59 kB
../../../../var/folders/0c/swq9t20n67g8tvv2m5cl8k580000gp/T/chromatic--50538-hJkaTwlnb1UA/assets/VSelectionControl-B1Lw-Gp3.css                  2.39 kB │ gzip:   0.65 kB
../../../../var/folders/0c/swq9t20n67g8tvv2m5cl8k580000gp/T/chromatic--50538-hJkaTwlnb1UA/assets/VAppBarNavIcon-B6aQtIVs.css                     2.48 kB │ gzip:   0.80 kB
../../../../var/folders/0c/swq9t20n67g8tvv2m5cl8k580000gp/T/chromatic--50538-hJkaTwlnb1UA/assets/NavigationDrawer-C_iz4pOI.css                   2.71 kB │ gzip:   0.84 kB
../../../../var/folders/0c/swq9t20n67g8tvv2m5cl8k580000gp/T/chromatic--50538-hJkaTwlnb1UA/assets/Switch-CgSUOCXK.css                             2.83 kB │ gzip:   0.79 kB
../../../../var/folders/0c/swq9t20n67g8tvv2m5cl8k580000gp/T/chromatic--50538-hJkaTwlnb1UA/assets/Tabs-DQpyq7cL.css                               3.65 kB │ gzip:   0.87 kB
../../../../var/folders/0c/swq9t20n67g8tvv2m5cl8k580000gp/T/chromatic--50538-hJkaTwlnb1UA/assets/loader-BpKdmU-g.css                             3.87 kB │ gzip:   0.88 kB
../../../../var/folders/0c/swq9t20n67g8tvv2m5cl8k580000gp/T/chromatic--50538-hJkaTwlnb1UA/assets/VInput-C9rQebek.css                             4.23 kB │ gzip:   1.02 kB
../../../../var/folders/0c/swq9t20n67g8tvv2m5cl8k580000gp/T/chromatic--50538-hJkaTwlnb1UA/assets/ExpansionPanel-CB1Jqn37.css                     6.24 kB │ gzip:   1.21 kB
../../../../var/folders/0c/swq9t20n67g8tvv2m5cl8k580000gp/T/chromatic--50538-hJkaTwlnb1UA/assets/VCard-Bq_E2lBQ.css                              6.52 kB │ gzip:   1.50 kB
../../../../var/folders/0c/swq9t20n67g8tvv2m5cl8k580000gp/T/chromatic--50538-hJkaTwlnb1UA/assets/VSpacer-D4XLN205.css                            9.55 kB │ gzip:   1.30 kB
../../../../var/folders/0c/swq9t20n67g8tvv2m5cl8k580000gp/T/chromatic--50538-hJkaTwlnb1UA/assets/VChip-DytSo9ln.css                             10.04 kB │ gzip:   1.72 kB
../../../../var/folders/0c/swq9t20n67g8tvv2m5cl8k580000gp/T/chromatic--50538-hJkaTwlnb1UA/assets/VBtn-BRB0UwUq.css                              11.13 kB │ gzip:   2.14 kB
../../../../var/folders/0c/swq9t20n67g8tvv2m5cl8k580000gp/T/chromatic--50538-hJkaTwlnb1UA/assets/VList-D0XZfslO.css                             13.29 kB │ gzip:   2.31 kB
../../../../var/folders/0c/swq9t20n67g8tvv2m5cl8k580000gp/T/chromatic--50538-hJkaTwlnb1UA/assets/VField-DYXPqM99.css                            17.17 kB │ gzip:   2.87 kB
../../../../var/folders/0c/swq9t20n67g8tvv2m5cl8k580000gp/T/chromatic--50538-hJkaTwlnb1UA/assets/preview-DXAJ3FFP.css                          536.69 kB │ gzip:  78.67 kB
../../../../var/folders/0c/swq9t20n67g8tvv2m5cl8k580000gp/T/chromatic--50538-hJkaTwlnb1UA/assets/tag-DlVkfMRS.js                                 0.11 kB │ gzip:   0.12 kB
../../../../var/folders/0c/swq9t20n67g8tvv2m5cl8k580000gp/T/chromatic--50538-hJkaTwlnb1UA/assets/VSpacer-GQB6LkCc.js                             0.11 kB │ gzip:   0.12 kB
../../../../var/folders/0c/swq9t20n67g8tvv2m5cl8k580000gp/T/chromatic--50538-hJkaTwlnb1UA/assets/scopeId-CXwaHS-j.js                             0.14 kB │ gzip:   0.14 kB
../../../../var/folders/0c/swq9t20n67g8tvv2m5cl8k580000gp/T/chromatic--50538-hJkaTwlnb1UA/assets/console-BNHh7N5n.js                             0.18 kB │ gzip:   0.17 kB
../../../../var/folders/0c/swq9t20n67g8tvv2m5cl8k580000gp/T/chromatic--50538-hJkaTwlnb1UA/assets/entry-preview-DiopDeVI.js                       0.20 kB │ gzip:   0.18 kB
../../../../var/folders/0c/swq9t20n67g8tvv2m5cl8k580000gp/T/chromatic--50538-hJkaTwlnb1UA/assets/_commonjsHelpers-Cpj98o6Y.js                    0.24 kB │ gzip:   0.18 kB
../../../../var/folders/0c/swq9t20n67g8tvv2m5cl8k580000gp/T/chromatic--50538-hJkaTwlnb1UA/assets/ssrBoot-ZL9xTt6Z.js                             0.26 kB │ gzip:   0.21 kB
../../../../var/folders/0c/swq9t20n67g8tvv2m5cl8k580000gp/T/chromatic--50538-hJkaTwlnb1UA/assets/lazy-BZFhYW41.js                                0.32 kB │ gzip:   0.24 kB
../../../../var/folders/0c/swq9t20n67g8tvv2m5cl8k580000gp/T/chromatic--50538-hJkaTwlnb1UA/assets/WithTooltip-V3YHNWJZ-CmaQxIWT.js                0.32 kB │ gzip:   0.22 kB
../../../../var/folders/0c/swq9t20n67g8tvv2m5cl8k580000gp/T/chromatic--50538-hJkaTwlnb1UA/assets/syntaxhighlighter-V7JZZA35-PtOFtNCh.js          0.33 kB │ gzip:   0.24 kB
../../../../var/folders/0c/swq9t20n67g8tvv2m5cl8k580000gp/T/chromatic--50538-hJkaTwlnb1UA/assets/elevation-Be_OvXFH.js                           0.37 kB │ gzip:   0.28 kB
../../../../var/folders/0c/swq9t20n67g8tvv2m5cl8k580000gp/T/chromatic--50538-hJkaTwlnb1UA/assets/density-BqdoSKw6.js                             0.39 kB │ gzip:   0.29 kB
../../../../var/folders/0c/swq9t20n67g8tvv2m5cl8k580000gp/T/chromatic--50538-hJkaTwlnb1UA/assets/position-CSJiDziO.js                            0.40 kB │ gzip:   0.29 kB
../../../../var/folders/0c/swq9t20n67g8tvv2m5cl8k580000gp/T/chromatic--50538-hJkaTwlnb1UA/assets/transition-Bj7ixmLb.js                          0.41 kB │ gzip:   0.30 kB
../../../../var/folders/0c/swq9t20n67g8tvv2m5cl8k580000gp/T/chromatic--50538-hJkaTwlnb1UA/assets/VDefaultsProvider-ChUneo7v.js                   0.48 kB │ gzip:   0.32 kB
../../../../var/folders/0c/swq9t20n67g8tvv2m5cl8k580000gp/T/chromatic--50538-hJkaTwlnb1UA/assets/rounded-CTsL9D6x.js                             0.49 kB │ gzip:   0.34 kB
../../../../var/folders/0c/swq9t20n67g8tvv2m5cl8k580000gp/T/chromatic--50538-hJkaTwlnb1UA/assets/createSimpleFunctional-CyL9bnb5.js              0.51 kB │ gzip:   0.35 kB
../../../../var/folders/0c/swq9t20n67g8tvv2m5cl8k580000gp/T/chromatic--50538-hJkaTwlnb1UA/assets/resizeObserver-CjgtoCON.js                      0.53 kB │ gzip:   0.36 kB
../../../../var/folders/0c/swq9t20n67g8tvv2m5cl8k580000gp/T/chromatic--50538-hJkaTwlnb1UA/assets/preview-C-pMG46T.js                             0.63 kB │ gzip:   0.37 kB
../../../../var/folders/0c/swq9t20n67g8tvv2m5cl8k580000gp/T/chromatic--50538-hJkaTwlnb1UA/assets/preview-B_0crF9I.js                             0.64 kB │ gzip:   0.44 kB
../../../../var/folders/0c/swq9t20n67g8tvv2m5cl8k580000gp/T/chromatic--50538-hJkaTwlnb1UA/assets/index-Vb9enKCe.js                               0.74 kB │ gzip:   0.43 kB
../../../../var/folders/0c/swq9t20n67g8tvv2m5cl8k580000gp/T/chromatic--50538-hJkaTwlnb1UA/assets/index-DrFu-skq.js                               0.77 kB │ gzip:   0.47 kB
../../../../var/folders/0c/swq9t20n67g8tvv2m5cl8k580000gp/T/chromatic--50538-hJkaTwlnb1UA/assets/index-DvIlon-v.js                               0.80 kB │ gzip:   0.44 kB
../../../../var/folders/0c/swq9t20n67g8tvv2m5cl8k580000gp/T/chromatic--50538-hJkaTwlnb1UA/assets/variant-DnMTPrxW.js                             0.84 kB │ gzip:   0.47 kB
../../../../var/folders/0c/swq9t20n67g8tvv2m5cl8k580000gp/T/chromatic--50538-hJkaTwlnb1UA/assets/dimensions-BQTZlfvR.js                          0.84 kB │ gzip:   0.45 kB
../../../../var/folders/0c/swq9t20n67g8tvv2m5cl8k580000gp/T/chromatic--50538-hJkaTwlnb1UA/assets/preview-Cv3rAi2i.js                             0.86 kB │ gzip:   0.55 kB
../../../../var/folders/0c/swq9t20n67g8tvv2m5cl8k580000gp/T/chromatic--50538-hJkaTwlnb1UA/assets/VDivider-5YQkMa_F.js                            0.93 kB │ gzip:   0.54 kB
../../../../var/folders/0c/swq9t20n67g8tvv2m5cl8k580000gp/T/chromatic--50538-hJkaTwlnb1UA/assets/VCheckboxBtn-BOi7xgnL.js                        1.09 kB │ gzip:   0.58 kB
../../../../var/folders/0c/swq9t20n67g8tvv2m5cl8k580000gp/T/chromatic--50538-hJkaTwlnb1UA/assets/VCheckbox-CIvrYLRY.js                           1.10 kB │ gzip:   0.62 kB
../../../../var/folders/0c/swq9t20n67g8tvv2m5cl8k580000gp/T/chromatic--50538-hJkaTwlnb1UA/assets/color-DaVmO7I4.js                               1.17 kB │ gzip:   0.54 kB
../../../../var/folders/0c/swq9t20n67g8tvv2m5cl8k580000gp/T/chromatic--50538-hJkaTwlnb1UA/assets/proxiedModel-BDVzH1CF.js                        1.25 kB │ gzip:   0.60 kB
../../../../var/folders/0c/swq9t20n67g8tvv2m5cl8k580000gp/T/chromatic--50538-hJkaTwlnb1UA/assets/VAvatar-turoYmkh.js                             1.38 kB │ gzip:   0.70 kB
../../../../var/folders/0c/swq9t20n67g8tvv2m5cl8k580000gp/T/chromatic--50538-hJkaTwlnb1UA/assets/router-B_fwmPT6.js                              1.45 kB │ gzip:   0.70 kB
../../../../var/folders/0c/swq9t20n67g8tvv2m5cl8k580000gp/T/chromatic--50538-hJkaTwlnb1UA/assets/VIcon-B1V7tfux.js                               1.55 kB │ gzip:   0.86 kB
../../../../var/folders/0c/swq9t20n67g8tvv2m5cl8k580000gp/T/chromatic--50538-hJkaTwlnb1UA/assets/location-DyF6cyJr.js                            1.59 kB │ gzip:   0.72 kB
../../../../var/folders/0c/swq9t20n67g8tvv2m5cl8k580000gp/T/chromatic--50538-hJkaTwlnb1UA/assets/Checkbox.stories-C8F6SvHz.js                    1.62 kB │ gzip:   0.89 kB
../../../../var/folders/0c/swq9t20n67g8tvv2m5cl8k580000gp/T/chromatic--50538-hJkaTwlnb1UA/assets/Divider.stories-FFLDs3H9.js                     1.67 kB │ gzip:   0.81 kB
../../../../var/folders/0c/swq9t20n67g8tvv2m5cl8k580000gp/T/chromatic--50538-hJkaTwlnb1UA/assets/List.stories-CoykttGD.js                        1.69 kB │ gzip:   0.94 kB
../../../../var/folders/0c/swq9t20n67g8tvv2m5cl8k580000gp/T/chromatic--50538-hJkaTwlnb1UA/assets/chunk-UXHY756F-CbglS9w2.js                      1.92 kB │ gzip:   1.02 kB
../../../../var/folders/0c/swq9t20n67g8tvv2m5cl8k580000gp/T/chromatic--50538-hJkaTwlnb1UA/assets/TextArea.stories-BDXSqkj6.js                    2.24 kB │ gzip:   1.01 kB
../../../../var/folders/0c/swq9t20n67g8tvv2m5cl8k580000gp/T/chromatic--50538-hJkaTwlnb1UA/assets/TextField.stories-9QtDLyyy.js                   2.24 kB │ gzip:   1.00 kB
../../../../var/folders/0c/swq9t20n67g8tvv2m5cl8k580000gp/T/chromatic--50538-hJkaTwlnb1UA/assets/dialog-transition-L4ezemCU.js                   2.24 kB │ gzip:   1.06 kB
../../../../var/folders/0c/swq9t20n67g8tvv2m5cl8k580000gp/T/chromatic--50538-hJkaTwlnb1UA/assets/Menu.stories-BpmC8LpP.js                        2.28 kB │ gzip:   1.19 kB
../../../../var/folders/0c/swq9t20n67g8tvv2m5cl8k580000gp/T/chromatic--50538-hJkaTwlnb1UA/assets/display-BfPOwSdB.js                             2.29 kB │ gzip:   1.14 kB
../../../../var/folders/0c/swq9t20n67g8tvv2m5cl8k580000gp/T/chromatic--50538-hJkaTwlnb1UA/assets/VProgressCircular-CoOJD8gL.js                   2.30 kB │ gzip:   1.06 kB
../../../../var/folders/0c/swq9t20n67g8tvv2m5cl8k580000gp/T/chromatic--50538-hJkaTwlnb1UA/assets/Sheet.stories-BQkn1Szw.js                       2.33 kB │ gzip:   1.16 kB
../../../../var/folders/0c/swq9t20n67g8tvv2m5cl8k580000gp/T/chromatic--50538-hJkaTwlnb1UA/assets/Toolbar.stories-iWEunSBr.js                     2.45 kB │ gzip:   1.24 kB
../../../../var/folders/0c/swq9t20n67g8tvv2m5cl8k580000gp/T/chromatic--50538-hJkaTwlnb1UA/assets/index-Bw8VTzHM.js                               2.59 kB │ gzip:   1.26 kB
../../../../var/folders/0c/swq9t20n67g8tvv2m5cl8k580000gp/T/chromatic--50538-hJkaTwlnb1UA/assets/VMenu-BuNw5DXf.js                               2.68 kB │ gzip:   1.37 kB
../../../../var/folders/0c/swq9t20n67g8tvv2m5cl8k580000gp/T/chromatic--50538-hJkaTwlnb1UA/assets/forwardRefs-DWGaNmQL.js                         2.86 kB │ gzip:   1.18 kB
../../../../var/folders/0c/swq9t20n67g8tvv2m5cl8k580000gp/T/chromatic--50538-hJkaTwlnb1UA/assets/Radio.stories-DVf0f8S8.js                       2.86 kB │ gzip:   1.42 kB
../../../../var/folders/0c/swq9t20n67g8tvv2m5cl8k580000gp/T/chromatic--50538-hJkaTwlnb1UA/assets/group-DQQC5EZP.js                               3.02 kB │ gzip:   1.39 kB
../../../../var/folders/0c/swq9t20n67g8tvv2m5cl8k580000gp/T/chromatic--50538-hJkaTwlnb1UA/assets/index-DY09NRa-.js                               3.08 kB │ gzip:   1.15 kB
../../../../var/folders/0c/swq9t20n67g8tvv2m5cl8k580000gp/T/chromatic--50538-hJkaTwlnb1UA/assets/Select.stories-TXRI_Oms.js                      3.09 kB │ gzip:   1.36 kB
../../../../var/folders/0c/swq9t20n67g8tvv2m5cl8k580000gp/T/chromatic--50538-hJkaTwlnb1UA/assets/icons-BNEH1xqu.js                               3.09 kB │ gzip:   1.49 kB
../../../../var/folders/0c/swq9t20n67g8tvv2m5cl8k580000gp/T/chromatic--50538-hJkaTwlnb1UA/assets/preview-BcxrGG1y.js                             3.19 kB │ gzip:   1.37 kB
../../../../var/folders/0c/swq9t20n67g8tvv2m5cl8k580000gp/T/chromatic--50538-hJkaTwlnb1UA/assets/Tooltip.stories-BXn8BJwq.js                     3.47 kB │ gzip:   1.75 kB
../../../../var/folders/0c/swq9t20n67g8tvv2m5cl8k580000gp/T/chromatic--50538-hJkaTwlnb1UA/assets/VAppBarNavIcon-61vJ1BhC.js                      3.55 kB │ gzip:   1.47 kB
../../../../var/folders/0c/swq9t20n67g8tvv2m5cl8k580000gp/T/chromatic--50538-hJkaTwlnb1UA/assets/Chip.stories-2il57zue.js                        3.76 kB │ gzip:   1.42 kB
../../../../var/folders/0c/swq9t20n67g8tvv2m5cl8k580000gp/T/chromatic--50538-hJkaTwlnb1UA/assets/VTextField-BWQVUww_.js                          3.83 kB │ gzip:   1.74 kB
../../../../var/folders/0c/swq9t20n67g8tvv2m5cl8k580000gp/T/chromatic--50538-hJkaTwlnb1UA/assets/Switch.stories-BVZRj53K.js                      3.89 kB │ gzip:   1.86 kB
../../../../var/folders/0c/swq9t20n67g8tvv2m5cl8k580000gp/T/chromatic--50538-hJkaTwlnb1UA/assets/locale-BWDvD_8G.js                              3.93 kB │ gzip:   1.78 kB
../../../../var/folders/0c/swq9t20n67g8tvv2m5cl8k580000gp/T/chromatic--50538-hJkaTwlnb1UA/assets/Breadcrumb.stories-Cs9k5Mol.js                  3.97 kB │ gzip:   1.64 kB
../../../../var/folders/0c/swq9t20n67g8tvv2m5cl8k580000gp/T/chromatic--50538-hJkaTwlnb1UA/assets/loader-Dx-sfN7j.js                              4.17 kB │ gzip:   1.78 kB
../../../../var/folders/0c/swq9t20n67g8tvv2m5cl8k580000gp/T/chromatic--50538-hJkaTwlnb1UA/assets/Form.stories-Bm9St-nA.js                        4.33 kB │ gzip:   2.03 kB
../../../../var/folders/0c/swq9t20n67g8tvv2m5cl8k580000gp/T/chromatic--50538-hJkaTwlnb1UA/assets/layout-24BLxVXS.js                              4.36 kB │ gzip:   1.92 kB
../../../../var/folders/0c/swq9t20n67g8tvv2m5cl8k580000gp/T/chromatic--50538-hJkaTwlnb1UA/assets/Button.stories-BOkKJD7K.js                      4.36 kB │ gzip:   1.52 kB
../../../../var/folders/0c/swq9t20n67g8tvv2m5cl8k580000gp/T/chromatic--50538-hJkaTwlnb1UA/assets/Dialog.stories-CZNU7MLe.js                      4.49 kB │ gzip:   2.17 kB
../../../../var/folders/0c/swq9t20n67g8tvv2m5cl8k580000gp/T/chromatic--50538-hJkaTwlnb1UA/assets/VTextarea-B4lFMRA8.js                           4.79 kB │ gzip:   2.09 kB
../../../../var/folders/0c/swq9t20n67g8tvv2m5cl8k580000gp/T/chromatic--50538-hJkaTwlnb1UA/assets/index-BD7BStq0.js                               5.04 kB │ gzip:   1.74 kB
../../../../var/folders/0c/swq9t20n67g8tvv2m5cl8k580000gp/T/chromatic--50538-hJkaTwlnb1UA/assets/VSelectionControl-MCCiVX5M.js                   5.15 kB │ gzip:   1.96 kB
../../../../var/folders/0c/swq9t20n67g8tvv2m5cl8k580000gp/T/chromatic--50538-hJkaTwlnb1UA/assets/preview-D8VCGkL0.js                             5.23 kB │ gzip:   2.39 kB
../../../../var/folders/0c/swq9t20n67g8tvv2m5cl8k580000gp/T/chromatic--50538-hJkaTwlnb1UA/assets/VCard-BGGprR3N.js                               5.29 kB │ gzip:   1.94 kB
../../../../var/folders/0c/swq9t20n67g8tvv2m5cl8k580000gp/T/chromatic--50538-hJkaTwlnb1UA/assets/VImg-nG05inM4.js                                5.32 kB │ gzip:   2.16 kB
../../../../var/folders/0c/swq9t20n67g8tvv2m5cl8k580000gp/T/chromatic--50538-hJkaTwlnb1UA/assets/VBtn-3wzIJfNI.js                                5.50 kB │ gzip:   2.20 kB
../../../../var/folders/0c/swq9t20n67g8tvv2m5cl8k580000gp/T/chromatic--50538-hJkaTwlnb1UA/assets/Card.stories-cTJPonms.js                        5.55 kB │ gzip:   1.69 kB
../../../../var/folders/0c/swq9t20n67g8tvv2m5cl8k580000gp/T/chromatic--50538-hJkaTwlnb1UA/assets/Appbar.stories-CA9zYuSl.js                      5.56 kB │ gzip:   2.54 kB
../../../../var/folders/0c/swq9t20n67g8tvv2m5cl8k580000gp/T/chromatic--50538-hJkaTwlnb1UA/assets/VChip-DIfSnR0W.js                               5.59 kB │ gzip:   2.19 kB
../../../../var/folders/0c/swq9t20n67g8tvv2m5cl8k580000gp/T/chromatic--50538-hJkaTwlnb1UA/assets/VSlideGroup-U0I9lFoQ.js                         6.12 kB │ gzip:   2.40 kB
../../../../var/folders/0c/swq9t20n67g8tvv2m5cl8k580000gp/T/chromatic--50538-hJkaTwlnb1UA/assets/VField-QhKGHbwJ.js                              6.13 kB │ gzip:   2.55 kB
../../../../var/folders/0c/swq9t20n67g8tvv2m5cl8k580000gp/T/chromatic--50538-hJkaTwlnb1UA/assets/ExpansionPanel.stories-C6ZfZCIK.js              6.72 kB │ gzip:   2.52 kB
../../../../var/folders/0c/swq9t20n67g8tvv2m5cl8k580000gp/T/chromatic--50538-hJkaTwlnb1UA/assets/Pagination.stories-JI_qdpEB.js                  7.27 kB │ gzip:   2.86 kB
../../../../var/folders/0c/swq9t20n67g8tvv2m5cl8k580000gp/T/chromatic--50538-hJkaTwlnb1UA/assets/preview-BAz7FMXc.js                             7.62 kB │ gzip:   1.56 kB
../../../../var/folders/0c/swq9t20n67g8tvv2m5cl8k580000gp/T/chromatic--50538-hJkaTwlnb1UA/assets/preview-Db4Idchh.js                             8.11 kB │ gzip:   3.08 kB
../../../../var/folders/0c/swq9t20n67g8tvv2m5cl8k580000gp/T/chromatic--50538-hJkaTwlnb1UA/assets/VInput-Cpk27bPx.js                              8.34 kB │ gzip:   3.24 kB
../../../../var/folders/0c/swq9t20n67g8tvv2m5cl8k580000gp/T/chromatic--50538-hJkaTwlnb1UA/assets/preview-DI_BsvwV.js                            10.29 kB │ gzip:   4.10 kB
../../../../var/folders/0c/swq9t20n67g8tvv2m5cl8k580000gp/T/chromatic--50538-hJkaTwlnb1UA/assets/iframe-qk0h5Ngm.js                             12.22 kB │ gzip:   3.97 kB
../../../../var/folders/0c/swq9t20n67g8tvv2m5cl8k580000gp/T/chromatic--50538-hJkaTwlnb1UA/assets/Tabs.stories-DYZJrsoP.js                       12.29 kB │ gzip:   4.86 kB
../../../../var/folders/0c/swq9t20n67g8tvv2m5cl8k580000gp/T/chromatic--50538-hJkaTwlnb1UA/assets/NavigationDrawer.stories-CvXOgMrJ.js           12.34 kB │ gzip:   4.87 kB
../../../../var/folders/0c/swq9t20n67g8tvv2m5cl8k580000gp/T/chromatic--50538-hJkaTwlnb1UA/assets/VSelect-D4wW4U3u.js                            13.21 kB │ gzip:   5.23 kB
../../../../var/folders/0c/swq9t20n67g8tvv2m5cl8k580000gp/T/chromatic--50538-hJkaTwlnb1UA/assets/VList-CdTdvH2K.js                              18.01 kB │ gzip:   5.97 kB
../../../../var/folders/0c/swq9t20n67g8tvv2m5cl8k580000gp/T/chromatic--50538-hJkaTwlnb1UA/assets/theme-BH63wqT6.js                              20.08 kB │ gzip:   7.91 kB
../../../../var/folders/0c/swq9t20n67g8tvv2m5cl8k580000gp/T/chromatic--50538-hJkaTwlnb1UA/assets/VOverlay-DQiRJK4W.js                           20.48 kB │ gzip:   7.39 kB
../../../../var/folders/0c/swq9t20n67g8tvv2m5cl8k580000gp/T/chromatic--50538-hJkaTwlnb1UA/assets/Color-6VNJS4EI-DpGPBUIN.js                     30.93 kB │ gzip:  11.61 kB
../../../../var/folders/0c/swq9t20n67g8tvv2m5cl8k580000gp/T/chromatic--50538-hJkaTwlnb1UA/assets/preview-qkA8UADg.js                            72.11 kB │ gzip:  24.36 kB
../../../../var/folders/0c/swq9t20n67g8tvv2m5cl8k580000gp/T/chromatic--50538-hJkaTwlnb1UA/assets/index-i-pPh9Pv.js                              78.28 kB │ gzip:  23.33 kB
../../../../var/folders/0c/swq9t20n67g8tvv2m5cl8k580000gp/T/chromatic--50538-hJkaTwlnb1UA/assets/entry-preview-docs-Be-Z4IjR.js                 78.49 kB │ gzip:  29.10 kB
../../../../var/folders/0c/swq9t20n67g8tvv2m5cl8k580000gp/T/chromatic--50538-hJkaTwlnb1UA/assets/vue.esm-bundler-je44807m.js                   156.08 kB │ gzip:  58.33 kB
../../../../var/folders/0c/swq9t20n67g8tvv2m5cl8k580000gp/T/chromatic--50538-hJkaTwlnb1UA/assets/formatter-SWP5E3XI-BFdjixMw.js                601.51 kB │ gzip: 184.98 kB
../../../../var/folders/0c/swq9t20n67g8tvv2m5cl8k580000gp/T/chromatic--50538-hJkaTwlnb1UA/assets/DocsRenderer-NNNQARDV-Cj_4aGLu.js             681.54 kB │ gzip: 221.04 kB

(!) Some chunks are larger than 500 kB after minification. Consider:
- Using dynamic import() to code-split the application
- Use build.rollupOptions.output.manualChunks to improve chunking: https://rollupjs.org/configuration-options/#output-manualchunks
- Adjust chunk size limit for this warning via build.chunkSizeWarningLimit.
✓ built in 3.42s
info => Preview built (3.84 s)
info => Output directory: /var/folders/0c/swq9t20n67g8tvv2m5cl8k580000gp/T/chromatic--50538-hJkaTwlnb1UA
